Unity Editor version:    2020.3.31f1 (6b54b7616050)
Branch:                  2020.3/release
Build type:              Release
Batch mode:              YES
macOS version:           Version 12.3 (Build 21E230)
Darwin version:          21.4.0
Architecture:            x86_64
Running under Rosetta:   NO
Available memory:        8192 MB
Using pre-set license
Pro License: NO

COMMAND LINE ARGUMENTS:
/Applications/Unity/Hub/Editor/2020.3.31f1/Unity.app/Contents/MacOS/Unity
-adb2
-batchMode
-noUpm
-name
AssetImportWorker0
-projectPath
/Users/miwtre/Documents/GitHub/flappy-bird/project
-logFile
Logs/AssetImportWorker0.log
-srvPort
51066
Successfully changed project path to: /Users/miwtre/Documents/GitHub/flappy-bird/project
/Users/miwtre/Documents/GitHub/flappy-bird/project
Using Asset Import Pipeline V2.
Refreshing native plugins compatible for Editor in 43.71 ms, found 3 plugins.
Preloading 0 native plugins for Editor in 0.00 ms.
Initialize engine version: 2020.3.31f1 (6b54b7616050)
[Subsystems] Discovering subsystems at path /Applications/Unity/Hub/Editor/2020.3.31f1/Unity.app/Contents/Resources/UnitySubsystems
[Subsystems] Discovering subsystems at path /Users/miwtre/Documents/GitHub/flappy-bird/project/Assets
GfxDevice: creating device client; threaded=0
2022-03-21 16:08:24.223 Unity[7102:128129] iMac preferred device: AMD Radeon Pro 570X (high power)
2022-03-21 16:08:24.223 Unity[7102:128129] Metal devices available: 1
2022-03-21 16:08:24.223 Unity[7102:128129] 0: AMD Radeon Pro 570X (high power)
2022-03-21 16:08:24.223 Unity[7102:128129] Using device AMD Radeon Pro 570X (high power)
Initializing Metal device caps: AMD Radeon Pro 570X
Initialize mono
Mono path[0] = '/Applications/Unity/Hub/Editor/2020.3.31f1/Unity.app/Contents/Managed'
Mono path[1] = '/Applications/Unity/Hub/Editor/2020.3.31f1/Unity.app/Contents/MonoBleedingEdge/lib/mono/unityjit'
Mono config path = '/Applications/Unity/Hub/Editor/2020.3.31f1/Unity.app/Contents/MonoBleedingEdge/etc'
Using monoOptions --debugger-agent=transport=dt_socket,embedding=1,server=y,suspend=n,address=127.0.0.1:56102
Begin MonoManager ReloadAssembly
Registering precompiled unity dll's ...
Register platform support module: /Applications/Unity/Hub/Editor/2020.3.31f1/PlaybackEngines/WebGLSupport/UnityEditor.WebGL.Extensions.dll
Register platform support module: /Applications/Unity/Hub/Editor/2020.3.31f1/Unity.app/Contents/PlaybackEngines/MacStandaloneSupport/UnityEditor.OSXStandalone.Extensions.dll
Registered in 0.025455 seconds.
Native extension for OSXStandalone target not found
Native extension for WebGL target not found
Refreshing native plugins compatible for Editor in 43.64 ms, found 3 plugins.
Preloading 0 native plugins for Editor in 0.00 ms.
Mono: successfully reloaded assembly
- Completed reload, in  0.881 seconds
Domain Reload Profiling:
	ReloadAssembly (881ms)
		BeginReloadAssembly (207ms)
			ExecutionOrderSort (0ms)
			DisableScriptedObjects (0ms)
			BackupInstance (0ms)
			ReleaseScriptingObjects (0ms)
			CreateAndSetChildDomain (1ms)
		EndReloadAssembly (579ms)
			LoadAssemblies (210ms)
			RebuildTransferFunctionScriptingTraits (0ms)
			SetupTypeCache (173ms)
			ReleaseScriptCaches (0ms)
			RebuildScriptCaches (37ms)
			SetupLoadedEditorAssemblies (282ms)
				LogAssemblyErrors (0ms)
				InitializePlatformSupportModulesInManaged (5ms)
				SetLoadedEditorAssemblies (0ms)
				RefreshPlugins (44ms)
				BeforeProcessingInitializeOnLoad (8ms)
				ProcessInitializeOnLoadAttributes (101ms)
				ProcessInitializeOnLoadMethodAttributes (125ms)
				AfterProcessingInitializeOnLoad (0ms)
				EditorAssembliesLoaded (0ms)
			ExecutionOrderSort2 (0ms)
			AwakeInstancesAfterBackupRestoration (0ms)
Platform modules already initialized, skipping
Registering precompiled user dll's ...
Registered in 0.052788 seconds.
Begin MonoManager ReloadAssembly
Native extension for OSXStandalone target not found
Native extension for WebGL target not found
Refreshing native plugins compatible for Editor in 40.64 ms, found 3 plugins.
Preloading 0 native plugins for Editor in 0.00 ms.
Mono: successfully reloaded assembly
- Completed reload, in  1.496 seconds
Domain Reload Profiling:
	ReloadAssembly (1504ms)
		BeginReloadAssembly (261ms)
			ExecutionOrderSort (0ms)
			DisableScriptedObjects (5ms)
			BackupInstance (0ms)
			ReleaseScriptingObjects (0ms)
			CreateAndSetChildDomain (21ms)
		EndReloadAssembly (1183ms)
			LoadAssemblies (390ms)
			RebuildTransferFunctionScriptingTraits (0ms)
			SetupTypeCache (317ms)
			ReleaseScriptCaches (0ms)
			RebuildScriptCaches (56ms)
			SetupLoadedEditorAssemblies (412ms)
				LogAssemblyErrors (0ms)
				InitializePlatformSupportModulesInManaged (4ms)
				SetLoadedEditorAssemblies (0ms)
				RefreshPlugins (41ms)
				BeforeProcessingInitializeOnLoad (55ms)
				ProcessInitializeOnLoadAttributes (233ms)
				ProcessInitializeOnLoadMethodAttributes (78ms)
				AfterProcessingInitializeOnLoad (1ms)
				EditorAssembliesLoaded (0ms)
			ExecutionOrderSort2 (0ms)
			AwakeInstancesAfterBackupRestoration (6ms)
Platform modules already initialized, skipping
Validating Project structure ... 0.001195 seconds.
Shader import version has changed; will reimport all shaders...
Upgrading shader files ...0.001208 seconds.
Application.AssetDatabase Initial Script Refresh Start
RefreshInfo: InitialScriptRefreshV2(NoUpdateAssetOptions) scanfilter:  ... 1 filters
RefreshProfiler: Total: 0.000ms
Application.AssetDatabase Initial Script Refresh End
Application.AssetDatabase.Refresh Start
Application.AssetDatabase.Refresh End
RefreshInfo: StopAssetImportingV2(ForceSynchronousImport) scanfilter: 
RefreshProfiler: Total: 0.000ms
Launching external process: /Applications/Unity/Hub/Editor/2020.3.31f1/Unity.app/Contents/Tools/UnityShaderCompiler
Launched and connected shader compiler UnityShaderCompiler after 0.02 seconds
Initializing Unity extensions:
2022-03-21 16:08:39.103 Unity[7102:128129] NSEventModifierFlagFunction specified to -setKeyEquivalentModifierMask: for item <NSMenuItem: 0x600000ec7020 Font Asset, ke='Command-F12'>, but is only supported for system-provided menu items; will not be used
2022-03-21 16:08:39.106 Unity[7102:128129] NSEventModifierFlagFunction specified to -setKeyEquivalentModifierMask: for item <NSMenuItem: 0x600000eb03f0 Font Asset, ke='Command-F12'>, but is only supported for system-provided menu items; will not be used
========================================================================
Worker process is ready to serve import requests
Refreshing native plugins compatible for Editor in 0.36 ms, found 3 plugins.
Preloading 0 native plugins for Editor in 0.00 ms.
Unloading 2201 Unused Serialized files (Serialized files now loaded: 0)
System memory in use before: 211.0 MB.
System memory in use after: 210.1 MB.

Unloading 104 unused Assets to reduce memory usage. Loaded Objects now: 2671.
Total: 3.418480 ms (FindLiveObjects: 0.171426 ms CreateObjectMapping: 0.093897 ms MarkObjects: 2.642216 ms  DeleteObjects: 0.510365 ms)

AssetImportParameters requested are different than current active one (requested -> active):
  custom:video-decoder-ogg-theora: a1e56fd34408186e4bbccfd4996cb3dc -> 
  custom:container-muxer-webm: aa71ff27fc2769a1b78a27578f13a17b -> 
  custom:container-demuxer-webm: 4f35f7cbe854078d1ac9338744f61a02 -> 
  custom:container-demuxer-ogg: 62fdf1f143b41e24485cea50d1cbac27 -> 
  custom:video-encoder-webm-vp8: eb34c28f22e8b96e1ab97ce403110664 -> 
  custom:framework-osx-AVFoundation: e770b220cccbd017edd2c1fefb359320 -> 
  custom:video-decoder-webm-vp8: 9c59270c3fd7afecdb556c50c9e8de78 -> 
  custom:audio-decoder-ogg-vorbis: bf7c407c2cedff20999df2af8eb42d56 -> 
  custom:audio-encoder-webm-vorbis: bf7c407c2cedff20999df2af8eb42d56 -> 
========================================================================
Received Import Request.
  path: Assets/Assets
  artifactKey: Guid(a35b032172eeb4ad8b6986eb60f3c394) Importer(815301076,1909f56bfc062723c751e8b465ee728b)
Start importing Assets/Assets using Guid(a35b032172eeb4ad8b6986eb60f3c394) Importer(815301076,1909f56bfc062723c751e8b465ee728b)  -> (artifact id: 'e08009156d4c70afb0f022244ccb9d5a') in 0.012629 seconds 
========================================================================
Received Import Request.
  Time since last request: 1.180076 seconds.
  path: Assets/Scripts
  artifactKey: Guid(f47d8743d47a244c2b74f7eebc74006d) Importer(815301076,1909f56bfc062723c751e8b465ee728b)
Start importing Assets/Scripts using Guid(f47d8743d47a244c2b74f7eebc74006d) Importer(815301076,1909f56bfc062723c751e8b465ee728b)  -> (artifact id: '70a1bd87a04e2c335ebe24a094e64708') in 0.001622 seconds 
========================================================================
Received Import Request.
  Time since last request: 10.751821 seconds.
  path: Assets
  artifactKey: Guid(00000000000000001000000000000000) Importer(815301076,1909f56bfc062723c751e8b465ee728b)
Start importing Assets using Guid(00000000000000001000000000000000) Importer(815301076,1909f56bfc062723c751e8b465ee728b)  -> (artifact id: '42d402b061de3733987d63b9cc3b64de') in 0.004699 seconds 
========================================================================
Received Import Request.
  Time since last request: 60.488056 seconds.
  path: Assets/Pixel Bird
  artifactKey: Guid(3f7357c45d39349c5b17b790daae683e) Importer(815301076,1909f56bfc062723c751e8b465ee728b)
Start importing Assets/Pixel Bird using Guid(3f7357c45d39349c5b17b790daae683e) Importer(815301076,1909f56bfc062723c751e8b465ee728b)  -> (artifact id: '14da5d9975ee9d556f8ad4ab7b32df02') in 0.000906 seconds 
========================================================================
Received Import Request.
  Time since last request: 1.275602 seconds.
  path: Assets/Pixel Bird/Pixel Birds.PNG
  artifactKey: Guid(e5bd8ca54f1b8844b8a0ffb91ed1cdde) Importer(815301076,1909f56bfc062723c751e8b465ee728b)
Start importing Assets/Pixel Bird/Pixel Birds.PNG using Guid(e5bd8ca54f1b8844b8a0ffb91ed1cdde) Importer(815301076,1909f56bfc062723c751e8b465ee728b)  -> (artifact id: '03b7dbfb2c338223baf5e7f959897d87') in 1.068816 seconds 
========================================================================
Received Import Request.
  Time since last request: 3.353149 seconds.
  path: Assets/Pixel Bird/PNG
  artifactKey: Guid(93325e942c70d81408c53ed7888ec923) Importer(815301076,1909f56bfc062723c751e8b465ee728b)
Start importing Assets/Pixel Bird/PNG using Guid(93325e942c70d81408c53ed7888ec923) Importer(815301076,1909f56bfc062723c751e8b465ee728b)  -> (artifact id: '56cc7aa0a0c4c169ac155737cf40e0bf') in 0.004679 seconds 
========================================================================
Received Import Request.
  Time since last request: 3.412277 seconds.
  path: Assets/Pixel Bird/PNG/big block
  artifactKey: Guid(be31811dce5c049499001f4022f29f4d) Importer(815301076,1909f56bfc062723c751e8b465ee728b)
Start importing Assets/Pixel Bird/PNG/big block using Guid(be31811dce5c049499001f4022f29f4d) Importer(815301076,1909f56bfc062723c751e8b465ee728b)  -> (artifact id: '3daa92fc3281cef3fc2edc7111f5d527') in 0.004624 seconds 
========================================================================
Received Import Request.
  Time since last request: 0.085038 seconds.
  path: Assets/Pixel Bird/PNG/big block/Big Block01.png
  artifactKey: Guid(c9e8fb22ba0ffc6469f169e7bffa481e) Importer(815301076,1909f56bfc062723c751e8b465ee728b)
Start importing Assets/Pixel Bird/PNG/big block/Big Block01.png using Guid(c9e8fb22ba0ffc6469f169e7bffa481e) Importer(815301076,1909f56bfc062723c751e8b465ee728b)  -> (artifact id: 'de8233961a199260745ab82c3688644d') in 0.910173 seconds 
========================================================================
Received Import Request.
  Time since last request: 0.000304 seconds.
  path: Assets/Pixel Bird/PNG/big block/Big Block04.png
  artifactKey: Guid(6054849b2bbba2e4ab82fb432317250b) Importer(815301076,1909f56bfc062723c751e8b465ee728b)
Start importing Assets/Pixel Bird/PNG/big block/Big Block04.png using Guid(6054849b2bbba2e4ab82fb432317250b) Importer(815301076,1909f56bfc062723c751e8b465ee728b)  -> (artifact id: '59b6d37e6ca90678d4faa2b3a9ad92ad') in 0.024876 seconds 
========================================================================
Received Import Request.
  Time since last request: 0.000231 seconds.
  path: Assets/Pixel Bird/PNG/big block/Big Block08.png
  artifactKey: Guid(a2bb185237469c842a5db94b6a3543b9) Importer(815301076,1909f56bfc062723c751e8b465ee728b)
Start importing Assets/Pixel Bird/PNG/big block/Big Block08.png using Guid(a2bb185237469c842a5db94b6a3543b9) Importer(815301076,1909f56bfc062723c751e8b465ee728b)  -> (artifact id: '2d461831a7750c94dcfab66c1f272229') in 0.011111 seconds 
========================================================================
Received Import Request.
  Time since last request: 0.000143 seconds.
  path: Assets/Pixel Bird/PNG/big block/Big Block06.png
  artifactKey: Guid(9021b855649e15d4091fdebfebabcf50) Importer(815301076,1909f56bfc062723c751e8b465ee728b)
Start importing Assets/Pixel Bird/PNG/big block/Big Block06.png using Guid(9021b855649e15d4091fdebfebabcf50) Importer(815301076,1909f56bfc062723c751e8b465ee728b)  -> (artifact id: '3a41f9e88e2dc728520cfe2e729f737d') in 0.010129 seconds 
========================================================================
Received Import Request.
  Time since last request: 0.000182 seconds.
  path: Assets/Pixel Bird/PNG/big block/Big Block05.png
  artifactKey: Guid(aaa3c34aa640aa64eb6f02b7934ffb74) Importer(815301076,1909f56bfc062723c751e8b465ee728b)
Start importing Assets/Pixel Bird/PNG/big block/Big Block05.png using Guid(aaa3c34aa640aa64eb6f02b7934ffb74) Importer(815301076,1909f56bfc062723c751e8b465ee728b)  -> (artifact id: 'f061dd2b316ad5e44d1868b890023991') in 0.009336 seconds 
========================================================================
Received Import Request.
  Time since last request: 0.000192 seconds.
  path: Assets/Pixel Bird/PNG/big block/Big Block02.png
  artifactKey: Guid(de0d6282405ff034ab18a89dfd1aaf3b) Importer(815301076,1909f56bfc062723c751e8b465ee728b)
Start importing Assets/Pixel Bird/PNG/big block/Big Block02.png using Guid(de0d6282405ff034ab18a89dfd1aaf3b) Importer(815301076,1909f56bfc062723c751e8b465ee728b)  -> (artifact id: 'c0b30a5dd73bea7d49893b3faff0bd81') in 0.012924 seconds 
========================================================================
Received Import Request.
  Time since last request: 0.000162 seconds.
  path: Assets/Pixel Bird/PNG/big block/Big Block07.png
  artifactKey: Guid(05136b7da7a96ba419f392db9cbcac0a) Importer(815301076,1909f56bfc062723c751e8b465ee728b)
Start importing Assets/Pixel Bird/PNG/big block/Big Block07.png using Guid(05136b7da7a96ba419f392db9cbcac0a) Importer(815301076,1909f56bfc062723c751e8b465ee728b)  -> (artifact id: 'f419dcaa8ecdb684c7336ffc7b582199') in 0.010288 seconds 
========================================================================
Received Import Request.
  Time since last request: 0.000130 seconds.
  path: Assets/Pixel Bird/PNG/big block/Big Block03.png
  artifactKey: Guid(f211384afa2e94b4fa6247ceda72555f) Importer(815301076,1909f56bfc062723c751e8b465ee728b)
Start importing Assets/Pixel Bird/PNG/big block/Big Block03.png using Guid(f211384afa2e94b4fa6247ceda72555f) Importer(815301076,1909f56bfc062723c751e8b465ee728b)  -> (artifact id: '932e29d6602351e58485e1245b2daea9') in 0.010900 seconds 
========================================================================
Received Import Request.
  Time since last request: 4.278674 seconds.
  path: Assets/Pixel Bird/PNG/Cloud
  artifactKey: Guid(b80e8ebf116ca2748ba3cabed0506ac2) Importer(815301076,1909f56bfc062723c751e8b465ee728b)
Start importing Assets/Pixel Bird/PNG/Cloud using Guid(b80e8ebf116ca2748ba3cabed0506ac2) Importer(815301076,1909f56bfc062723c751e8b465ee728b)  -> (artifact id: 'f011760784b6653574511e13450ffd2c') in 0.001643 seconds 
========================================================================
Received Import Request.
  Time since last request: 0.050530 seconds.
  path: Assets/Pixel Bird/PNG/Cloud/cloud1.PNG
  artifactKey: Guid(e6b022545f9826842af02253be50fb9e) Importer(815301076,1909f56bfc062723c751e8b465ee728b)
Start importing Assets/Pixel Bird/PNG/Cloud/cloud1.PNG using Guid(e6b022545f9826842af02253be50fb9e) Importer(815301076,1909f56bfc062723c751e8b465ee728b)  -> (artifact id: '76abef5251490ff71a705f9b1c746f7d') in 0.012590 seconds 
========================================================================
Received Import Request.
  Time since last request: 0.000200 seconds.
  path: Assets/Pixel Bird/PNG/Cloud/cloud2.PNG
  artifactKey: Guid(e9e8537b8255998458c38bcfa1f5ff0d) Importer(815301076,1909f56bfc062723c751e8b465ee728b)
Start importing Assets/Pixel Bird/PNG/Cloud/cloud2.PNG using Guid(e9e8537b8255998458c38bcfa1f5ff0d) Importer(815301076,1909f56bfc062723c751e8b465ee728b)  -> (artifact id: '8ddf55c2f0a18e49e5535c9828b1706c') in 0.011564 seconds 
========================================================================
Received Import Request.
  Time since last request: 0.000188 seconds.
  path: Assets/Pixel Bird/PNG/Cloud/cloud3.PNG
  artifactKey: Guid(eee87c9d516b1e8438c547dfbe3ac915) Importer(815301076,1909f56bfc062723c751e8b465ee728b)
Start importing Assets/Pixel Bird/PNG/Cloud/cloud3.PNG using Guid(eee87c9d516b1e8438c547dfbe3ac915) Importer(815301076,1909f56bfc062723c751e8b465ee728b)  -> (artifact id: 'b38493d5f3d9847ef8bbfe3d0f31f29f') in 0.012084 seconds 
========================================================================
Received Import Request.
  Time since last request: 2.315457 seconds.
  path: Assets/Pixel Bird/PNG/med block
  artifactKey: Guid(29203db1e5103404ea01bab704d07b30) Importer(815301076,1909f56bfc062723c751e8b465ee728b)
Start importing Assets/Pixel Bird/PNG/med block using Guid(29203db1e5103404ea01bab704d07b30) Importer(815301076,1909f56bfc062723c751e8b465ee728b)  -> (artifact id: 'd850a4aa1696180ae8c3f1cf003b90bb') in 0.001586 seconds 
========================================================================
Received Import Request.
  Time since last request: 0.054323 seconds.
  path: Assets/Pixel Bird/PNG/med block/Med Block01.png
  artifactKey: Guid(5509666665814144da83567d1eb1abda) Importer(815301076,1909f56bfc062723c751e8b465ee728b)
Start importing Assets/Pixel Bird/PNG/med block/Med Block01.png using Guid(5509666665814144da83567d1eb1abda) Importer(815301076,1909f56bfc062723c751e8b465ee728b)  -> (artifact id: 'ecbd96f446085faa90e216ae60b211c1') in 0.010371 seconds 
========================================================================
Received Import Request.
  Time since last request: 0.000217 seconds.
  path: Assets/Pixel Bird/PNG/med block/Med Block05.png
  artifactKey: Guid(82fe887fe76118545acacef84731ee78) Importer(815301076,1909f56bfc062723c751e8b465ee728b)
Start importing Assets/Pixel Bird/PNG/med block/Med Block05.png using Guid(82fe887fe76118545acacef84731ee78) Importer(815301076,1909f56bfc062723c751e8b465ee728b)  -> (artifact id: 'f21e557906939bbb37baca7bbcab6b21') in 0.011733 seconds 
========================================================================
Received Import Request.
  Time since last request: 0.000150 seconds.
  path: Assets/Pixel Bird/PNG/med block/Med Block03.png
  artifactKey: Guid(cc061f0a948205a46a8062de98bc0dcb) Importer(815301076,1909f56bfc062723c751e8b465ee728b)
Start importing Assets/Pixel Bird/PNG/med block/Med Block03.png using Guid(cc061f0a948205a46a8062de98bc0dcb) Importer(815301076,1909f56bfc062723c751e8b465ee728b)  -> (artifact id: 'ee7243a5303cfe977790797aa2c4240d') in 0.010851 seconds 
========================================================================
Received Import Request.
  Time since last request: 0.000215 seconds.
  path: Assets/Pixel Bird/PNG/med block/Med Block07.png
  artifactKey: Guid(236a4682d229a6445b2262ce28124bd2) Importer(815301076,1909f56bfc062723c751e8b465ee728b)
Start importing Assets/Pixel Bird/PNG/med block/Med Block07.png using Guid(236a4682d229a6445b2262ce28124bd2) Importer(815301076,1909f56bfc062723c751e8b465ee728b)  -> (artifact id: 'cd1f347ec9fc627dc5cdd7e34eb43935') in 0.009923 seconds 
========================================================================
Received Import Request.
  Time since last request: 0.000198 seconds.
  path: Assets/Pixel Bird/PNG/med block/Med Block06.png
  artifactKey: Guid(bfa05fe51bcb4ac40ac307c289f86c22) Importer(815301076,1909f56bfc062723c751e8b465ee728b)
Start importing Assets/Pixel Bird/PNG/med block/Med Block06.png using Guid(bfa05fe51bcb4ac40ac307c289f86c22) Importer(815301076,1909f56bfc062723c751e8b465ee728b)  -> (artifact id: '8261096f2cd0f9fa7aed4bbc89b5ec1f') in 0.016216 seconds 
========================================================================
Received Import Request.
  Time since last request: 0.000137 seconds.
  path: Assets/Pixel Bird/PNG/med block/Med Block08.png
  artifactKey: Guid(ccad60871ac3904479dc2c568f4e75f7) Importer(815301076,1909f56bfc062723c751e8b465ee728b)
Start importing Assets/Pixel Bird/PNG/med block/Med Block08.png using Guid(ccad60871ac3904479dc2c568f4e75f7) Importer(815301076,1909f56bfc062723c751e8b465ee728b)  -> (artifact id: '591ac10323b6b63bd735c76d927c6fd2') in 0.011345 seconds 
========================================================================
Received Import Request.
  Time since last request: 0.000154 seconds.
  path: Assets/Pixel Bird/PNG/med block/Med Block04.png
  artifactKey: Guid(c3340be3829849c4e81a17dc1f1cd4bf) Importer(815301076,1909f56bfc062723c751e8b465ee728b)
Start importing Assets/Pixel Bird/PNG/med block/Med Block04.png using Guid(c3340be3829849c4e81a17dc1f1cd4bf) Importer(815301076,1909f56bfc062723c751e8b465ee728b)  -> (artifact id: 'f488faa7101cd17eaed5dbd59b4a4e0e') in 0.010399 seconds 
========================================================================
Received Import Request.
  Time since last request: 0.000204 seconds.
  path: Assets/Pixel Bird/PNG/med block/Med Block02.png
  artifactKey: Guid(f8b995eb1b2d25746a58e11338a806b9) Importer(815301076,1909f56bfc062723c751e8b465ee728b)
Start importing Assets/Pixel Bird/PNG/med block/Med Block02.png using Guid(f8b995eb1b2d25746a58e11338a806b9) Importer(815301076,1909f56bfc062723c751e8b465ee728b)  -> (artifact id: 'ab7873927be90986e964ff6ca33fb9ca') in 0.013311 seconds 
========================================================================
Received Import Request.
  Time since last request: 1.795207 seconds.
  path: Assets/Pixel Bird/PNG/small block
  artifactKey: Guid(6bf2765cc7943ac479c8218ff56f0678) Importer(815301076,1909f56bfc062723c751e8b465ee728b)
Start importing Assets/Pixel Bird/PNG/small block using Guid(6bf2765cc7943ac479c8218ff56f0678) Importer(815301076,1909f56bfc062723c751e8b465ee728b)  -> (artifact id: '69f48f1d04c4e9ace63526f996f7b12c') in 0.001791 seconds 
========================================================================
Received Import Request.
  Time since last request: 0.049814 seconds.
  path: Assets/Pixel Bird/PNG/small block/Small Block01.png
  artifactKey: Guid(d599968b29a5d364d9b4105793eea934) Importer(815301076,1909f56bfc062723c751e8b465ee728b)
Start importing Assets/Pixel Bird/PNG/small block/Small Block01.png using Guid(d599968b29a5d364d9b4105793eea934) Importer(815301076,1909f56bfc062723c751e8b465ee728b)  -> (artifact id: '59041d3e3201044af778fe902688ca06') in 0.010737 seconds 
========================================================================
Received Import Request.
  Time since last request: 0.000216 seconds.
  path: Assets/Pixel Bird/PNG/small block/Small Block02.png
  artifactKey: Guid(b9095307dd4c8ef4c8bac42f3b63f13c) Importer(815301076,1909f56bfc062723c751e8b465ee728b)
Start importing Assets/Pixel Bird/PNG/small block/Small Block02.png using Guid(b9095307dd4c8ef4c8bac42f3b63f13c) Importer(815301076,1909f56bfc062723c751e8b465ee728b)  -> (artifact id: '76dc729a800f949d722430ab486ba360') in 0.012971 seconds 
========================================================================
Received Import Request.
  Time since last request: 0.000186 seconds.
  path: Assets/Pixel Bird/PNG/small block/Small Block05.png
  artifactKey: Guid(ebc680b717828ee439545501a87da15e) Importer(815301076,1909f56bfc062723c751e8b465ee728b)
Start importing Assets/Pixel Bird/PNG/small block/Small Block05.png using Guid(ebc680b717828ee439545501a87da15e) Importer(815301076,1909f56bfc062723c751e8b465ee728b)  -> (artifact id: '82c1e14c2ab5f0baa63c38708687059f') in 0.010406 seconds 
========================================================================
Received Import Request.
  Time since last request: 0.000169 seconds.
  path: Assets/Pixel Bird/PNG/small block/Small Block03.png
  artifactKey: Guid(9d5554fc86ccea541923cb77c87875f1) Importer(815301076,1909f56bfc062723c751e8b465ee728b)
Start importing Assets/Pixel Bird/PNG/small block/Small Block03.png using Guid(9d5554fc86ccea541923cb77c87875f1) Importer(815301076,1909f56bfc062723c751e8b465ee728b)  -> (artifact id: '2edcb84919e4f4a47dfe3bbe0ba73fe3') in 0.009907 seconds 
========================================================================
Received Import Request.
  Time since last request: 0.000195 seconds.
  path: Assets/Pixel Bird/PNG/small block/Small Block04.png
  artifactKey: Guid(f81add68f9397bb418b90bca5bfcfbbb) Importer(815301076,1909f56bfc062723c751e8b465ee728b)
Start importing Assets/Pixel Bird/PNG/small block/Small Block04.png using Guid(f81add68f9397bb418b90bca5bfcfbbb) Importer(815301076,1909f56bfc062723c751e8b465ee728b)  -> (artifact id: '868e56633c805f5942997763d4fae3c1') in 0.015686 seconds 
========================================================================
Received Import Request.
  Time since last request: 0.000156 seconds.
  path: Assets/Pixel Bird/PNG/small block/Small Block07.png
  artifactKey: Guid(19bec13626ce24f42bce6cfba165b747) Importer(815301076,1909f56bfc062723c751e8b465ee728b)
Start importing Assets/Pixel Bird/PNG/small block/Small Block07.png using Guid(19bec13626ce24f42bce6cfba165b747) Importer(815301076,1909f56bfc062723c751e8b465ee728b)  -> (artifact id: '88171180737f8146d45d088930754962') in 0.010008 seconds 
========================================================================
Received Import Request.
  Time since last request: 0.000250 seconds.
  path: Assets/Pixel Bird/PNG/small block/Small Block08.png
  artifactKey: Guid(1373c855ab6bbf14581eef74f7ca8cb8) Importer(815301076,1909f56bfc062723c751e8b465ee728b)
Start importing Assets/Pixel Bird/PNG/small block/Small Block08.png using Guid(1373c855ab6bbf14581eef74f7ca8cb8) Importer(815301076,1909f56bfc062723c751e8b465ee728b)  -> (artifact id: 'e25f8eb41daf2d8502de445fb5ea5227') in 0.012089 seconds 
========================================================================
Received Import Request.
  Time since last request: 0.000152 seconds.
  path: Assets/Pixel Bird/PNG/small block/Small Block06.png
  artifactKey: Guid(7a10ce24e96c3b24b9dc61929d861212) Importer(815301076,1909f56bfc062723c751e8b465ee728b)
Start importing Assets/Pixel Bird/PNG/small block/Small Block06.png using Guid(7a10ce24e96c3b24b9dc61929d861212) Importer(815301076,1909f56bfc062723c751e8b465ee728b)  -> (artifact id: 'c6654c951c126fcefdb9a69324a1c69e') in 0.010987 seconds 
========================================================================
Received Import Request.
  Time since last request: 2.659429 seconds.
  path: Assets/Pixel Bird/PNG/bird1
  artifactKey: Guid(18ce4891fa49adf42bca29830520d537) Importer(815301076,1909f56bfc062723c751e8b465ee728b)
Start importing Assets/Pixel Bird/PNG/bird1 using Guid(18ce4891fa49adf42bca29830520d537) Importer(815301076,1909f56bfc062723c751e8b465ee728b)  -> (artifact id: '88d76f6a5bd878b10f7c794be8e724fd') in 0.004598 seconds 
========================================================================
Received Import Request.
  Time since last request: 0.063859 seconds.
  path: Assets/Pixel Bird/PNG/bird1/bird101.png
  artifactKey: Guid(c17cbe806ce57714c89166f5b7d8b572) Importer(815301076,1909f56bfc062723c751e8b465ee728b)
Start importing Assets/Pixel Bird/PNG/bird1/bird101.png using Guid(c17cbe806ce57714c89166f5b7d8b572) Importer(815301076,1909f56bfc062723c751e8b465ee728b)  -> (artifact id: '09f72db51b84de8ba1161350715c9fa5') in 0.010304 seconds 
========================================================================
Received Import Request.
  Time since last request: 0.000209 seconds.
  path: Assets/Pixel Bird/PNG/bird1/bird103.png
  artifactKey: Guid(9b6746b865a61d74ea61eca4646ad904) Importer(815301076,1909f56bfc062723c751e8b465ee728b)
Start importing Assets/Pixel Bird/PNG/bird1/bird103.png using Guid(9b6746b865a61d74ea61eca4646ad904) Importer(815301076,1909f56bfc062723c751e8b465ee728b)  -> (artifact id: '59e34c74f32a1e35b47b4ac583827ed5') in 0.011314 seconds 
========================================================================
Received Import Request.
  Time since last request: 0.000190 seconds.
  path: Assets/Pixel Bird/PNG/bird1/bird102.png
  artifactKey: Guid(fee2e690210c10a49b246acf456083a0) Importer(815301076,1909f56bfc062723c751e8b465ee728b)
Start importing Assets/Pixel Bird/PNG/bird1/bird102.png using Guid(fee2e690210c10a49b246acf456083a0) Importer(815301076,1909f56bfc062723c751e8b465ee728b)  -> (artifact id: '30470c31d990e3e9a9ec75267a9bb93e') in 0.010599 seconds 
========================================================================
Received Import Request.
  Time since last request: 2.551673 seconds.
  path: Assets/Pixel Bird/PNG/bird2
  artifactKey: Guid(055c6502ab86b794e808a6cb57cec86d) Importer(815301076,1909f56bfc062723c751e8b465ee728b)
Start importing Assets/Pixel Bird/PNG/bird2 using Guid(055c6502ab86b794e808a6cb57cec86d) Importer(815301076,1909f56bfc062723c751e8b465ee728b)  -> (artifact id: 'f37cfaab8f7e20b89ea236947b7f84a4') in 0.004645 seconds 
========================================================================
Received Import Request.
  Time since last request: 0.049781 seconds.
  path: Assets/Pixel Bird/PNG/bird2/bird201.png
  artifactKey: Guid(1103ee6cf800f1642b9859e77fdb2f4f) Importer(815301076,1909f56bfc062723c751e8b465ee728b)
Start importing Assets/Pixel Bird/PNG/bird2/bird201.png using Guid(1103ee6cf800f1642b9859e77fdb2f4f) Importer(815301076,1909f56bfc062723c751e8b465ee728b)  -> (artifact id: '1bb29b70765cb1f85c4dcb8c06c6aab2') in 0.010347 seconds 
========================================================================
Received Import Request.
  Time since last request: 0.000171 seconds.
  path: Assets/Pixel Bird/PNG/bird2/bird202.png
  artifactKey: Guid(8f1bc6fd9f941544a8fda0123751377a) Importer(815301076,1909f56bfc062723c751e8b465ee728b)
Start importing Assets/Pixel Bird/PNG/bird2/bird202.png using Guid(8f1bc6fd9f941544a8fda0123751377a) Importer(815301076,1909f56bfc062723c751e8b465ee728b)  -> (artifact id: 'e5108701a2e9efb967266963be86b811') in 0.011968 seconds 
========================================================================
Received Import Request.
  Time since last request: 0.000164 seconds.
  path: Assets/Pixel Bird/PNG/bird2/bird203.png
  artifactKey: Guid(4b1e9587c204ffe43a11ce301e1cb5d9) Importer(815301076,1909f56bfc062723c751e8b465ee728b)
Start importing Assets/Pixel Bird/PNG/bird2/bird203.png using Guid(4b1e9587c204ffe43a11ce301e1cb5d9) Importer(815301076,1909f56bfc062723c751e8b465ee728b)  -> (artifact id: 'e2be3cf77bf27b006c45b6f2aa821b79') in 0.010674 seconds 
